<?xml version="1.0" encoding="UTF-8"?>
<testsuite xmlns:xsi="http://www.w3.org/2001/XMLSchema-instance" xsi:noNamespaceSchemaLocation="https://maven.apache.org/surefire/maven-surefire-plugin/xsd/surefire-test-report-3.0.xsd" version="3.0" name="com.batallas.CriaturasTest" time="0.061" tests="4" errors="0" skipped="0" failures="0">
  <properties>
[...]
</properties>
  <testcase name="testAtaqueDelDragon" classname="com.batallas.CriaturasTest" time="0.031">
    <system-out><![CDATA[Merlín ha equipado el arma: Bastón Arcano
Conan ha equipado el arma: Espada de Fuego
Alduin lanza fuego sobre Merlín causando 50 de daño.
Merlín recibe 50 de daño. Salud restante: 50
]]></system-out>
  </testcase>
  <testcase name="testAtaqueDelGuerreroConArma" classname="com.batallas.CriaturasTest" time="0.003">
    <system-out><![CDATA[Merlín ha equipado el arma: Bastón Arcano
Conan ha equipado el arma: Espada de Fuego
Atacando con el arma: Espada de Fuego
Conan ataca con su espada causando 30 de daño.
Alduin recibe 30 de daño. Salud restante: 120
]]></system-out>
  </testcase>
  <testcase name="testBatallaCompleta" classname="com.batallas.CriaturasTest" time="0.005">
    <system-out><![CDATA[Merlín ha equipado el arma: Bastón Arcano
Conan ha equipado el arma: Espada de Fuego
=====================================
 
¡Comienza la batalla! 
 
Entre Alduin y Merlín
=====================================

 Turno 1 
Alduin lanza fuego sobre Merlín causando 50 de daño.
Merlín recibe 50 de daño. Salud restante: 50
Atacando con el arma: Bastón Arcano
Merlín lanza un hechizo a Alduin causando 20 de daño mágico.
Alduin recibe 20 de daño. Salud restante: 130

 Turno 2 
Alduin lanza fuego sobre Merlín causando 50 de daño.
Merlín recibe 50 de daño. Salud restante: 0

 Merlín ha muerto.

Alduin ha ganado la batalla.
]]></system-out>
  </testcase>
  <testcase name="testAtaqueDelMagoConHechizo" classname="com.batallas.CriaturasTest" time="0.001">
    <system-out><![CDATA[Merlín ha equipado el arma: Bastón Arcano
Conan ha equipado el arma: Espada de Fuego
Atacando con el arma: Bastón Arcano
Merlín lanza un hechizo a Alduin causando 20 de daño mágico.
Alduin recibe 20 de daño. Salud restante: 130
]]></system-out>
  </testcase>
</testsuite>